<?xml version="1.0" encoding="UTF-8"?>
<coverage generated="1772794209769" clover="3.2.0">
  <project timestamp="1772794209769" name="All files">
    <metrics statements="69" coveredstatements="60" conditionals="30" coveredconditionals="18" methods="29" coveredmethods="23" elements="128" coveredelements="101" complexity="0" loc="69" ncloc="69" packages="2" files="5" classes="5"/>
    <package name="Components.Mail">
      <metrics statements="48" coveredstatements="43" conditionals="18" coveredconditionals="12" methods="21" coveredmethods="16"/>
      <file name="EmailList.svelte" path="/var/www/html/resources/js/Components/Mail/EmailList.svelte">
        <metrics statements="20" coveredstatements="16" conditionals="14" coveredconditionals="8" methods="9" coveredmethods="5"/>
        <line num="3" count="3" type="stmt"/>
        <line num="6" count="3" type="cond" truecount="1" falsecount="1"/>
        <line num="7" count="3" type="cond" truecount="3" falsecount="1"/>
        <line num="8" count="1" type="stmt"/>
        <line num="9" count="2" type="stmt"/>
        <line num="10" count="0" type="stmt"/>
        <line num="19" count="2" type="stmt"/>
        <line num="21" count="2" type="cond" truecount="1" falsecount="1"/>
        <line num="22" count="2" type="cond" truecount="1" falsecount="1"/>
        <line num="24" count="0" type="stmt"/>
        <line num="26" count="2" type="stmt"/>
        <line num="27" count="2" type="stmt"/>
        <line num="28" count="2" type="stmt"/>
        <line num="30" count="2" type="cond" truecount="1" falsecount="1"/>
        <line num="31" count="2" type="cond" truecount="1" falsecount="1"/>
        <line num="35" count="2" type="stmt"/>
        <line num="36" count="2" type="stmt"/>
        <line num="40" count="0" type="stmt"/>
        <line num="46" count="2" type="stmt"/>
        <line num="50" count="0" type="stmt"/>
      </file>
      <file name="EmailSkeleton.svelte" path="/var/www/html/resources/js/Components/Mail/EmailSkeleton.svelte">
        <metrics statements="4" coveredstatements="4" conditionals="0" coveredconditionals="0" methods="4" coveredmethods="4"/>
        <line num="2" count="1" type="stmt"/>
        <line num="5" count="1" type="stmt"/>
        <line num="6" count="1" type="stmt"/>
        <line num="7" count="10" type="stmt"/>
      </file>
      <file name="Sidebar.svelte" path="/var/www/html/resources/js/Components/Mail/Sidebar.svelte">
        <metrics statements="17" coveredstatements="16" conditionals="4" coveredconditionals="4" methods="6" coveredmethods="5"/>
        <line num="2" count="2" type="stmt"/>
        <line num="3" count="2" type="stmt"/>
        <line num="11" count="2" type="stmt"/>
        <line num="14" count="2" type="stmt"/>
        <line num="26" count="2" type="stmt"/>
        <line num="27" count="2" type="stmt"/>
        <line num="28" count="8" type="cond" truecount="2" falsecount="0"/>
        <line num="30" count="0" type="stmt"/>
        <line num="32" count="8" type="cond" truecount="2" falsecount="0"/>
        <line num="33" count="8" type="stmt"/>
        <line num="35" count="8" type="stmt"/>
        <line num="40" count="2" type="stmt"/>
        <line num="41" count="2" type="stmt"/>
        <line num="42" count="2" type="stmt"/>
        <line num="43" count="2" type="stmt"/>
        <line num="45" count="2" type="stmt"/>
        <line num="46" count="2" type="stmt"/>
      </file>
      <file name="Toolbar.svelte" path="/var/www/html/resources/js/Components/Mail/Toolbar.svelte">
        <metrics statements="7" coveredstatements="7" conditionals="0" coveredconditionals="0" methods="2" coveredmethods="2"/>
        <line num="2" count="2" type="stmt"/>
        <line num="5" count="2" type="stmt"/>
        <line num="6" count="2" type="stmt"/>
        <line num="12" count="2" type="stmt"/>
        <line num="15" count="2" type="stmt"/>
        <line num="32" count="2" type="stmt"/>
        <line num="33" count="2" type="stmt"/>
      </file>
    </package>
    <package name="Pages.Auth">
      <metrics statements="21" coveredstatements="17" conditionals="12" coveredconditionals="6" methods="8" coveredmethods="7"/>
      <file name="Login.svelte" path="/var/www/html/resources/js/Pages/Auth/Login.svelte">
        <metrics statements="21" coveredstatements="17" conditionals="12" coveredconditionals="6" methods="8" coveredmethods="7"/>
        <line num="2" count="2" type="stmt"/>
        <line num="4" count="2" type="cond" truecount="1" falsecount="1"/>
        <line num="5" count="2" type="cond" truecount="1" falsecount="1"/>
        <line num="7" count="2" type="cond" truecount="2" falsecount="0"/>
        <line num="8" count="2" type="stmt"/>
        <line num="11" count="2" type="stmt"/>
        <line num="12" count="2" type="stmt"/>
        <line num="27" count="2" type="stmt"/>
        <line num="28" count="2" type="stmt"/>
        <line num="30" count="2" type="stmt"/>
        <line num="31" count="2" type="stmt"/>
        <line num="33" count="2" type="stmt"/>
        <line num="40" count="2" type="cond" truecount="1" falsecount="1"/>
        <line num="44" count="0" type="stmt"/>
        <line num="50" count="2" type="cond" truecount="1" falsecount="1"/>
        <line num="51" count="0" type="stmt"/>
        <line num="55" count="0" type="cond" truecount="0" falsecount="2"/>
        <line num="60" count="2" type="stmt"/>
        <line num="62" count="2" type="stmt"/>
        <line num="68" count="2" type="stmt"/>
        <line num="72" count="0" type="stmt"/>
      </file>
    </package>
  </project>
</coverage>
