{"/var/www/html/resources/js/Components/Mail/EmailList.svelte": {"path":"/var/www/html/resources/js/Components/Mail/EmailList.svelte","statementMap":{"0":{"start":{"line":3,"column":16},"end":{"line":3,"column":23}},"1":{"start":{"line":3,"column":36},"end":{"line":3,"column":52}},"2":{"start":{"line":3,"column":63},"end":{"line":3,"column":73}},"3":{"start":{"line":3,"column":82},"end":{"line":3,"column":null}},"4":{"start":{"line":6,"column":8},"end":{"line":6,"column":17}},"5":{"start":{"line":6,"column":1},"end":{"line":6,"column":17}},"6":{"start":{"line":8,"column":9},"end":{"line":8,"column":null}},"7":{"start":{"line":10,"column":12},"end":{"line":10,"column":null}},"8":{"start":{"line":10,"column":9},"end":{"line":10,"column":null}},"9":{"start":{"line":19,"column":12},"end":{"line":19,"column":null}},"10":{"start":{"line":19,"column":9},"end":{"line":21,"column":86}},"11":{"start":{"line":21,"column":20},"end":{"line":21,"column":86}},"12":{"start":{"line":22,"column":27},"end":{"line":21,"column":86}},"13":{"start":{"line":26,"column":28},"end":{"line":22,"column":null}},"14":{"start":{"line":27,"column":33},"end":{"line":26,"column":null}},"15":{"start":{"line":27,"column":29},"end":{"line":27,"column":96}},"16":{"start":{"line":28,"column":33},"end":{"line":27,"column":96}},"17":{"start":{"line":28,"column":29},"end":{"line":28,"column":94}},"18":{"start":{"line":26,"column":25},"end":{"line":26,"column":null}},"19":{"start":{"line":30,"column":28},"end":{"line":26,"column":null}},"20":{"start":{"line":30,"column":25},"end":{"line":30,"column":49}},"21":{"start":{"line":31,"column":28},"end":{"line":30,"column":49}},"22":{"start":{"line":31,"column":25},"end":{"line":31,"column":90}},"23":{"start":{"line":22,"column":21},"end":{"line":22,"column":null}},"24":{"start":{"line":35,"column":24},"end":{"line":22,"column":null}},"25":{"start":{"line":36,"column":31},"end":{"line":35,"column":null}},"26":{"start":{"line":46,"column":31},"end":{"line":36,"column":null}},"27":{"start":{"line":35,"column":21},"end":{"line":35,"column":null}},"28":{"start":{"line":21,"column":17},"end":{"line":21,"column":86}},"29":{"start":{"line":21,"column":17},"end":{"line":21,"column":null}},"30":{"start":{"line":22,"column":21},"end":{"line":23,"column":null}},"31":{"start":{"line":27,"column":96},"end":{"line":27,"column":null}},"32":{"start":{"line":28,"column":94},"end":{"line":28,"column":null}},"33":{"start":{"line":30,"column":25},"end":{"line":30,"column":161}},"34":{"start":{"line":30,"column":161},"end":{"line":30,"column":null}},"35":{"start":{"line":31,"column":90},"end":{"line":31,"column":null}},"36":{"start":{"line":22,"column":21},"end":{"line":24,"column":null}},"37":{"start":{"line":24,"column":39},"end":{"line":24,"column":null}},"38":{"start":{"line":36,"column":25},"end":{"line":40,"column":null}},"39":{"start":{"line":40,"column":46},"end":{"line":40,"column":67}},"40":{"start":{"line":40,"column":67},"end":{"line":40,"column":101}},"41":{"start":{"line":46,"column":25},"end":{"line":50,"column":null}},"42":{"start":{"line":50,"column":46},"end":{"line":50,"column":67}},"43":{"start":{"line":50,"column":67},"end":{"line":50,"column":100}},"44":{"start":{"line":19,"column":9},"end":{"line":19,"column":null}},"45":{"start":{"line":7,"column":9},"end":{"line":9,"column":null}},"46":{"start":{"line":7,"column":18},"end":{"line":7,"column":null}},"47":{"start":{"line":7,"column":18},"end":{"line":9,"column":null}},"48":{"start":{"line":9,"column":33},"end":{"line":9,"column":null}},"49":{"start":{"line":6,"column":1},"end":{"line":6,"column":null}}},"fnMap":{"0":{"name":"EmailList","decl":{"start":{"line":1,"column":0},"end":{"line":1,"column":null}},"loc":{"start":{"line":1,"column":0},"end":{"line":4,"column":null}},"line":1},"1":{"name":"(anonymous_1)","decl":{"start":{"line":3,"column":16},"end":{"line":3,"column":23}},"loc":{"start":{"line":3,"column":16},"end":{"line":3,"column":23}},"line":3},"2":{"name":"(anonymous_2)","decl":{"start":{"line":8,"column":9},"end":{"line":8,"column":22}},"loc":{"start":{"line":8,"column":9},"end":{"line":8,"column":null}},"line":8},"3":{"name":"(anonymous_3)","decl":{"start":{"line":19,"column":9},"end":{"line":19,"column":12}},"loc":{"start":{"line":19,"column":9},"end":{"line":21,"column":86}},"line":19},"4":{"name":"(anonymous_4)","decl":{"start":{"line":20,"column":25},"end":{"line":20,"column":29}},"loc":{"start":{"line":20,"column":34},"end":{"line":21,"column":86}},"line":20},"5":{"name":"click","decl":{"start":{"line":22,"column":27},"end":{"line":22,"column":null}},"loc":{"start":{"line":22,"column":27},"end":{"line":24,"column":null}},"line":22},"6":{"name":"click_1","decl":{"start":{"line":36,"column":31},"end":{"line":36,"column":null}},"loc":{"start":{"line":40,"column":44},"end":{"line":40,"column":102}},"line":40},"7":{"name":"click_2","decl":{"start":{"line":46,"column":31},"end":{"line":46,"column":null}},"loc":{"start":{"line":50,"column":44},"end":{"line":50,"column":101}},"line":50},"8":{"name":"(anonymous_8)","decl":{"start":{"line":6,"column":1},"end":{"line":6,"column":8}},"loc":{"start":{"line":6,"column":1},"end":{"line":6,"column":null}},"line":6}},"branchMap":{"0":{"loc":{"start":{"line":21,"column":20},"end":{"line":21,"column":139}},"type":"cond-expr","locations":[{"start":{"line":21,"column":119},"end":{"line":21,"column":134}},{"start":{"line":21,"column":137},"end":{"line":21,"column":139}}],"line":21},"1":{"loc":{"start":{"line":22,"column":27},"end":{"line":23,"column":185}},"type":"cond-expr","locations":[{"start":{"line":23,"column":116},"end":{"line":23,"column":136}},{"start":{"line":23,"column":136},"end":{"line":23,"column":185}}],"line":22},"2":{"loc":{"start":{"line":30,"column":28},"end":{"line":30,"column":126}},"type":"cond-expr","locations":[{"start":{"line":30,"column":65},"end":{"line":30,"column":96}},{"start":{"line":30,"column":96},"end":{"line":30,"column":126}}],"line":30},"3":{"loc":{"start":{"line":31,"column":90},"end":{"line":31,"column":114}},"type":"binary-expr","locations":[{"start":{"line":31,"column":90},"end":{"line":31,"column":108}},{"start":{"line":31,"column":112},"end":{"line":31,"column":114}}],"line":31},"4":{"loc":{"start":{"line":7,"column":9},"end":{"line":9,"column":null}},"type":"if","locations":[{"start":{"line":7,"column":9},"end":{"line":9,"column":null}},{"start":{"line":7,"column":18},"end":{"line":9,"column":null}}],"line":7},"5":{"loc":{"start":{"line":7,"column":18},"end":{"line":9,"column":null}},"type":"if","locations":[{"start":{"line":7,"column":18},"end":{"line":9,"column":null}},{"start":{"line":9,"column":33},"end":{"line":9,"column":null}}],"line":7},"6":{"loc":{"start":{"line":6,"column":17},"end":{"line":6,"column":68}},"type":"cond-expr","locations":[{"start":{"line":6,"column":31},"end":{"line":6,"column":39}},{"start":{"line":6,"column":42},"end":{"line":6,"column":68}}],"line":6}},"s":{"0":0,"1":3,"2":3,"3":3,"4":3,"5":3,"6":1,"7":0,"8":0,"9":2,"10":2,"11":2,"12":2,"13":2,"14":2,"15":2,"16":2,"17":2,"18":2,"19":2,"20":2,"21":2,"22":2,"23":2,"24":2,"25":2,"26":2,"27":2,"28":2,"29":2,"30":2,"31":2,"32":2,"33":2,"34":2,"35":2,"36":2,"37":0,"38":2,"39":0,"40":0,"41":2,"42":0,"43":0,"44":2,"45":3,"46":1,"47":2,"48":2,"49":3},"f":{"0":3,"1":0,"2":1,"3":2,"4":2,"5":0,"6":0,"7":0,"8":3},"b":{"0":[0,2],"1":[0,2],"2":[0,2],"3":[2,0],"4":[1,2],"5":[0,2],"6":[0,3]},"meta":{"lastBranch":7,"lastFunction":9,"lastStatement":50,"seen":{"f:1:0:1:Infinity":0,"s:3:16:3:23":0,"f:3:16:3:23":1,"s:3:36:3:52":1,"s:3:63:3:73":2,"s:3:82:3:Infinity":3,"s:6:8:6:17":4,"s:6:1:6:17":5,"s:8:9:8:Infinity":6,"f:8:9:8:22":2,"s:10:12:10:Infinity":7,"s:10:9:10:Infinity":8,"s:19:12:19:Infinity":9,"f:19:9:19:12":3,"s:19:9:21:86":10,"f:20:25:20:29":4,"s:21:20:21:86":11,"s:22:27:21:86":12,"s:26:28:22:Infinity":13,"s:27:33:26:Infinity":14,"s:27:29:27:96":15,"s:28:33:27:96":16,"s:28:29:28:94":17,"s:26:25:26:Infinity":18,"s:30:28:26:Infinity":19,"s:30:25:30:49":20,"s:31:28:30:49":21,"s:31:25:31:90":22,"s:22:21:22:Infinity":23,"s:35:24:22:Infinity":24,"s:36:31:35:Infinity":25,"s:46:31:36:Infinity":26,"s:35:21:35:Infinity":27,"s:21:17:21:86":28,"s:21:17:21:Infinity":29,"b:21:119:21:134:21:137:21:139":0,"s:22:21:23:Infinity":30,"b:23:116:23:136:23:136:23:185":1,"s:27:96:27:Infinity":31,"s:28:94:28:Infinity":32,"s:30:25:30:161":33,"b:30:65:30:96:30:96:30:126":2,"s:30:161:30:Infinity":34,"s:31:90:31:Infinity":35,"b:31:90:31:108:31:112:31:114":3,"s:22:21:24:Infinity":36,"f:22:27:22:Infinity":5,"s:24:39:24:Infinity":37,"s:36:25:40:Infinity":38,"f:36:31:36:Infinity":6,"s:40:46:40:67":39,"s:40:67:40:101":40,"s:46:25:50:Infinity":41,"f:46:31:46:Infinity":7,"s:50:46:50:67":42,"s:50:67:50:100":43,"s:19:9:19:Infinity":44,"b:7:9:9:Infinity:7:18:9:Infinity":4,"s:7:9:9:Infinity":45,"s:7:18:7:Infinity":46,"b:7:18:9:Infinity:9:33:9:Infinity":5,"s:7:18:9:Infinity":47,"s:9:33:9:Infinity":48,"s:6:1:6:Infinity":49,"f:6:1:6:8":8,"b:6:31:6:39:6:42:6:68":6}}}
,"/var/www/html/resources/js/Components/Mail/EmailSkeleton.svelte": {"path":"/var/www/html/resources/js/Components/Mail/EmailSkeleton.svelte","statementMap":{"0":{"start":{"line":2,"column":15},"end":{"line":2,"column":null}},"1":{"start":{"line":5,"column":4},"end":{"line":5,"column":null}},"2":{"start":{"line":5,"column":1},"end":{"line":7,"column":null}},"3":{"start":{"line":6,"column":11},"end":{"line":6,"column":27}},"4":{"start":{"line":7,"column":12},"end":{"line":7,"column":null}},"5":{"start":{"line":7,"column":9},"end":{"line":7,"column":null}},"6":{"start":{"line":5,"column":1},"end":{"line":5,"column":null}}},"fnMap":{"0":{"name":"EmailSkeleton","decl":{"start":{"line":1,"column":0},"end":{"line":1,"column":null}},"loc":{"start":{"line":1,"column":0},"end":{"line":3,"column":null}},"line":1},"1":{"name":"(anonymous_1)","decl":{"start":{"line":5,"column":1},"end":{"line":5,"column":4}},"loc":{"start":{"line":5,"column":1},"end":{"line":7,"column":null}},"line":5},"2":{"name":"(anonymous_2)","decl":{"start":{"line":5,"column":4},"end":{"line":5,"column":null}},"loc":{"start":{"line":6,"column":11},"end":{"line":6,"column":27}},"line":6},"3":{"name":"(anonymous_3)","decl":{"start":{"line":6,"column":22},"end":{"line":6,"column":27}},"loc":{"start":{"line":6,"column":28},"end":{"line":7,"column":null}},"line":6}},"branchMap":{},"s":{"0":1,"1":1,"2":1,"3":1,"4":10,"5":10,"6":1},"f":{"0":1,"1":1,"2":1,"3":10},"b":{},"meta":{"lastBranch":0,"lastFunction":4,"lastStatement":7,"seen":{"f:1:0:1:Infinity":0,"s:2:15:2:Infinity":0,"s:5:4:5:Infinity":1,"f:5:1:5:4":1,"s:5:1:7:Infinity":2,"f:5:4:5:Infinity":2,"s:6:11:6:27":3,"f:6:22:6:27":3,"s:7:12:7:Infinity":4,"s:7:9:7:Infinity":5,"s:5:1:5:Infinity":6}}}
,"/var/www/html/resources/js/Components/Mail/Sidebar.svelte": {"path":"/var/www/html/resources/js/Components/Mail/Sidebar.svelte","statementMap":{"0":{"start":{"line":2,"column":28},"end":{"line":2,"column":null}},"1":{"start":{"line":3,"column":15},"end":{"line":7,"column":null}},"2":{"start":{"line":11,"column":4},"end":{"line":11,"column":null}},"3":{"start":{"line":14,"column":6},"end":{"line":14,"column":null}},"4":{"start":{"line":26,"column":8},"end":{"line":14,"column":null}},"5":{"start":{"line":26,"column":5},"end":{"line":28,"column":null}},"6":{"start":{"line":27,"column":15},"end":{"line":27,"column":22}},"7":{"start":{"line":28,"column":19},"end":{"line":28,"column":null}},"8":{"start":{"line":32,"column":20},"end":{"line":28,"column":null}},"9":{"start":{"line":33,"column":25},"end":{"line":32,"column":72}},"10":{"start":{"line":32,"column":17},"end":{"line":32,"column":72}},"11":{"start":{"line":35,"column":21},"end":{"line":32,"column":72}},"12":{"start":{"line":35,"column":17},"end":{"line":35,"column":23}},"13":{"start":{"line":28,"column":13},"end":{"line":28,"column":null}},"14":{"start":{"line":28,"column":13},"end":{"line":29,"column":null}},"15":{"start":{"line":32,"column":17},"end":{"line":32,"column":null}},"16":{"start":{"line":33,"column":21},"end":{"line":33,"column":null}},"17":{"start":{"line":35,"column":23},"end":{"line":35,"column":null}},"18":{"start":{"line":28,"column":13},"end":{"line":30,"column":null}},"19":{"start":{"line":30,"column":31},"end":{"line":30,"column":null}},"20":{"start":{"line":26,"column":5},"end":{"line":26,"column":null}},"21":{"start":{"line":40,"column":8},"end":{"line":26,"column":null}},"22":{"start":{"line":41,"column":12},"end":{"line":40,"column":null}},"23":{"start":{"line":42,"column":16},"end":{"line":41,"column":null}},"24":{"start":{"line":42,"column":13},"end":{"line":42,"column":null}},"25":{"start":{"line":45,"column":16},"end":{"line":42,"column":null}},"26":{"start":{"line":45,"column":13},"end":{"line":45,"column":null}},"27":{"start":{"line":41,"column":9},"end":{"line":41,"column":null}},"28":{"start":{"line":40,"column":5},"end":{"line":40,"column":null}},"29":{"start":{"line":14,"column":1},"end":{"line":14,"column":null}},"30":{"start":{"line":46,"column":22},"end":{"line":46,"column":null}},"31":{"start":{"line":43,"column":22},"end":{"line":43,"column":null}}},"fnMap":{"0":{"name":"Sidebar","decl":{"start":{"line":1,"column":0},"end":{"line":1,"column":null}},"loc":{"start":{"line":1,"column":0},"end":{"line":12,"column":null}},"line":1},"1":{"name":"(anonymous_1)","decl":{"start":{"line":26,"column":5},"end":{"line":26,"column":8}},"loc":{"start":{"line":26,"column":5},"end":{"line":28,"column":null}},"line":26},"2":{"name":"(anonymous_2)","decl":{"start":{"line":26,"column":8},"end":{"line":26,"column":null}},"loc":{"start":{"line":27,"column":15},"end":{"line":27,"column":22}},"line":27},"3":{"name":"(anonymous_3)","decl":{"start":{"line":27,"column":22},"end":{"line":27,"column":26}},"loc":{"start":{"line":27,"column":32},"end":{"line":28,"column":null}},"line":27},"4":{"name":"click","decl":{"start":{"line":28,"column":19},"end":{"line":28,"column":null}},"loc":{"start":{"line":28,"column":19},"end":{"line":30,"column":null}},"line":28},"5":{"name":"(anonymous_5)","decl":{"start":{"line":43,"column":22},"end":{"line":43,"column":27}},"loc":{"start":{"line":43,"column":22},"end":{"line":43,"column":null}},"line":43}},"branchMap":{"0":{"loc":{"start":{"line":28,"column":19},"end":{"line":29,"column":266}},"type":"cond-expr","locations":[{"start":{"line":29,"column":158},"end":{"line":29,"column":214}},{"start":{"line":29,"column":214},"end":{"line":29,"column":266}}],"line":28},"1":{"loc":{"start":{"line":32,"column":20},"end":{"line":32,"column":164}},"type":"cond-expr","locations":[{"start":{"line":32,"column":103},"end":{"line":32,"column":121}},{"start":{"line":32,"column":121},"end":{"line":32,"column":164}}],"line":32}},"s":{"0":2,"1":2,"2":2,"3":2,"4":2,"5":2,"6":2,"7":8,"8":8,"9":8,"10":8,"11":8,"12":8,"13":8,"14":8,"15":8,"16":8,"17":8,"18":8,"19":0,"20":2,"21":2,"22":2,"23":2,"24":2,"25":2,"26":2,"27":2,"28":2,"29":2,"30":2,"31":2},"f":{"0":2,"1":2,"2":2,"3":8,"4":0,"5":2},"b":{"0":[2,6],"1":[2,6]},"meta":{"lastBranch":2,"lastFunction":6,"lastStatement":32,"seen":{"f:1:0:1:Infinity":0,"s:2:28:2:Infinity":0,"s:3:15:7:Infinity":1,"s:11:4:11:Infinity":2,"s:14:6:14:Infinity":3,"s:26:8:14:Infinity":4,"f:26:5:26:8":1,"s:26:5:28:Infinity":5,"f:26:8:26:Infinity":2,"s:27:15:27:22":6,"f:27:22:27:26":3,"s:28:19:28:Infinity":7,"s:32:20:28:Infinity":8,"s:33:25:32:72":9,"s:32:17:32:72":10,"s:35:21:32:72":11,"s:35:17:35:23":12,"s:28:13:28:Infinity":13,"s:28:13:29:Infinity":14,"b:29:158:29:214:29:214:29:266":0,"s:32:17:32:Infinity":15,"b:32:103:32:121:32:121:32:164":1,"s:33:21:33:Infinity":16,"s:35:23:35:Infinity":17,"s:28:13:30:Infinity":18,"f:28:19:28:Infinity":4,"s:30:31:30:Infinity":19,"s:26:5:26:Infinity":20,"s:40:8:26:Infinity":21,"s:41:12:40:Infinity":22,"s:42:16:41:Infinity":23,"s:42:13:42:Infinity":24,"s:45:16:42:Infinity":25,"s:45:13:45:Infinity":26,"s:41:9:41:Infinity":27,"s:40:5:40:Infinity":28,"s:14:1:14:Infinity":29,"s:46:22:46:Infinity":30,"f:43:22:43:27":5,"s:43:22:43:Infinity":31}}}
,"/var/www/html/resources/js/Components/Mail/Toolbar.svelte": {"path":"/var/www/html/resources/js/Components/Mail/Toolbar.svelte","statementMap":{"0":{"start":{"line":2,"column":22},"end":{"line":2,"column":null}},"1":{"start":{"line":5,"column":7},"end":{"line":5,"column":null}},"2":{"start":{"line":6,"column":8},"end":{"line":5,"column":null}},"3":{"start":{"line":12,"column":11},"end":{"line":6,"column":null}},"4":{"start":{"line":12,"column":9},"end":{"line":12,"column":68}},"5":{"start":{"line":6,"column":5},"end":{"line":6,"column":null}},"6":{"start":{"line":15,"column":8},"end":{"line":6,"column":null}},"7":{"start":{"line":32,"column":13},"end":{"line":15,"column":null}},"8":{"start":{"line":33,"column":18},"end":{"line":32,"column":null}},"9":{"start":{"line":33,"column":13},"end":{"line":33,"column":54}},"10":{"start":{"line":33,"column":13},"end":{"line":33,"column":null}},"11":{"start":{"line":32,"column":9},"end":{"line":32,"column":null}},"12":{"start":{"line":15,"column":5},"end":{"line":15,"column":null}},"13":{"start":{"line":5,"column":1},"end":{"line":5,"column":null}},"14":{"start":{"line":12,"column":68},"end":{"line":12,"column":null}}},"fnMap":{"0":{"name":"Toolbar","decl":{"start":{"line":1,"column":0},"end":{"line":1,"column":null}},"loc":{"start":{"line":1,"column":0},"end":{"line":3,"column":null}},"line":1},"1":{"name":"(anonymous_1)","decl":{"start":{"line":12,"column":68},"end":{"line":12,"column":80}},"loc":{"start":{"line":12,"column":68},"end":{"line":12,"column":null}},"line":12}},"branchMap":{},"s":{"0":2,"1":2,"2":2,"3":2,"4":2,"5":2,"6":2,"7":2,"8":2,"9":2,"10":2,"11":2,"12":2,"13":2,"14":2},"f":{"0":2,"1":2},"b":{},"meta":{"lastBranch":0,"lastFunction":2,"lastStatement":15,"seen":{"f:1:0:1:Infinity":0,"s:2:22:2:Infinity":0,"s:5:7:5:Infinity":1,"s:6:8:5:Infinity":2,"s:12:11:6:Infinity":3,"s:12:9:12:68":4,"s:6:5:6:Infinity":5,"s:15:8:6:Infinity":6,"s:32:13:15:Infinity":7,"s:33:18:32:Infinity":8,"s:33:13:33:54":9,"s:33:13:33:Infinity":10,"s:32:9:32:Infinity":11,"s:15:5:15:Infinity":12,"s:5:1:5:Infinity":13,"s:12:68:12:Infinity":14,"f:12:68:12:80":1}}}
,"/var/www/html/resources/js/Pages/Auth/Login.svelte": {"path":"/var/www/html/resources/js/Pages/Auth/Login.svelte","statementMap":{"0":{"start":{"line":2,"column":27},"end":{"line":2,"column":34}},"1":{"start":{"line":2,"column":37},"end":{"line":2,"column":null}},"2":{"start":{"line":4,"column":20},"end":{"line":4,"column":null}},"3":{"start":{"line":4,"column":32},"end":{"line":4,"column":null}},"4":{"start":{"line":5,"column":17},"end":{"line":5,"column":null}},"5":{"start":{"line":5,"column":29},"end":{"line":5,"column":null}},"6":{"start":{"line":7,"column":13},"end":{"line":7,"column":null}},"7":{"start":{"line":8,"column":16},"end":{"line":8,"column":null}},"8":{"start":{"line":11,"column":4},"end":{"line":11,"column":null}},"9":{"start":{"line":12,"column":8},"end":{"line":11,"column":null}},"10":{"start":{"line":27,"column":13},"end":{"line":12,"column":null}},"11":{"start":{"line":28,"column":18},"end":{"line":27,"column":null}},"12":{"start":{"line":28,"column":13},"end":{"line":28,"column":null}},"13":{"start":{"line":30,"column":16},"end":{"line":28,"column":null}},"14":{"start":{"line":31,"column":20},"end":{"line":30,"column":null}},"15":{"start":{"line":33,"column":24},"end":{"line":31,"column":null}},"16":{"start":{"line":40,"column":30},"end":{"line":33,"column":null}},"17":{"start":{"line":40,"column":25},"end":{"line":40,"column":null}},"18":{"start":{"line":33,"column":21},"end":{"line":33,"column":null}},"19":{"start":{"line":51,"column":26},"end":{"line":51,"column":null}},"20":{"start":{"line":51,"column":25},"end":{"line":51,"column":null}},"21":{"start":{"line":55,"column":29},"end":{"line":55,"column":null}},"22":{"start":{"line":50,"column":25},"end":{"line":50,"column":null}},"23":{"start":{"line":50,"column":41},"end":{"line":50,"column":null}},"24":{"start":{"line":31,"column":17},"end":{"line":31,"column":null}},"25":{"start":{"line":60,"column":20},"end":{"line":31,"column":null}},"26":{"start":{"line":62,"column":24},"end":{"line":60,"column":null}},"27":{"start":{"line":68,"column":30},"end":{"line":62,"column":null}},"28":{"start":{"line":68,"column":25},"end":{"line":68,"column":null}},"29":{"start":{"line":62,"column":21},"end":{"line":62,"column":null}},"30":{"start":{"line":60,"column":17},"end":{"line":60,"column":null}},"31":{"start":{"line":30,"column":13},"end":{"line":30,"column":null}},"32":{"start":{"line":27,"column":9},"end":{"line":27,"column":null}},"33":{"start":{"line":12,"column":5},"end":{"line":12,"column":null}},"34":{"start":{"line":11,"column":1},"end":{"line":11,"column":null}},"35":{"start":{"line":40,"column":25},"end":{"line":47,"column":null}},"36":{"start":{"line":44,"column":40},"end":{"line":44,"column":null}},"37":{"start":{"line":72,"column":40},"end":{"line":72,"column":null}}},"fnMap":{"0":{"name":"Login","decl":{"start":{"line":1,"column":0},"end":{"line":1,"column":null}},"loc":{"start":{"line":1,"column":0},"end":{"line":9,"column":null}},"line":1},"1":{"name":"(anonymous_1)","decl":{"start":{"line":2,"column":27},"end":{"line":2,"column":34}},"loc":{"start":{"line":2,"column":27},"end":{"line":2,"column":34}},"line":2},"2":{"name":"(anonymous_2)","decl":{"start":{"line":2,"column":37},"end":{"line":2,"column":null}},"loc":{"start":{"line":2,"column":37},"end":{"line":2,"column":null}},"line":2},"3":{"name":"(anonymous_3)","decl":{"start":{"line":4,"column":20},"end":{"line":4,"column":32}},"loc":{"start":{"line":4,"column":32},"end":{"line":4,"column":null}},"line":4},"4":{"name":"(anonymous_4)","decl":{"start":{"line":5,"column":17},"end":{"line":5,"column":29}},"loc":{"start":{"line":5,"column":29},"end":{"line":5,"column":null}},"line":5},"5":{"name":"(anonymous_5)","decl":{"start":{"line":55,"column":29},"end":{"line":55,"column":39}},"loc":{"start":{"line":55,"column":29},"end":{"line":55,"column":null}},"line":55},"6":{"name":"get","decl":{"start":{"line":44,"column":28},"end":{"line":44,"column":38}},"loc":{"start":{"line":44,"column":38},"end":{"line":44,"column":null}},"line":44},"7":{"name":"get","decl":{"start":{"line":72,"column":28},"end":{"line":72,"column":38}},"loc":{"start":{"line":72,"column":38},"end":{"line":72,"column":null}},"line":72}},"branchMap":{"0":{"loc":{"start":{"line":4,"column":32},"end":{"line":4,"column":null}},"type":"binary-expr","locations":[{"start":{"line":4,"column":32},"end":{"line":4,"column":null}},{"start":{"line":4,"column":38},"end":{"line":4,"column":null}}],"line":4},"1":{"loc":{"start":{"line":5,"column":29},"end":{"line":5,"column":null}},"type":"binary-expr","locations":[{"start":{"line":5,"column":29},"end":{"line":5,"column":null}},{"start":{"line":5,"column":32},"end":{"line":5,"column":null}}],"line":5},"2":{"loc":{"start":{"line":7,"column":22},"end":{"line":7,"column":42}},"type":"binary-expr","locations":[{"start":{"line":7,"column":22},"end":{"line":7,"column":36}},{"start":{"line":7,"column":40},"end":{"line":7,"column":42}}],"line":7},"3":{"loc":{"start":{"line":55,"column":29},"end":{"line":55,"column":null}},"type":"binary-expr","locations":[{"start":{"line":55,"column":29},"end":{"line":55,"column":45}},{"start":{"line":55,"column":45},"end":{"line":55,"column":null}}],"line":55},"4":{"loc":{"start":{"line":50,"column":25},"end":{"line":50,"column":null}},"type":"if","locations":[{"start":{"line":50,"column":25},"end":{"line":50,"column":null}},{"start":{},"end":{}}],"line":50},"5":{"loc":{"start":{"line":40,"column":30},"end":{"line":47,"column":183}},"type":"cond-expr","locations":[{"start":{"line":47,"column":91},"end":{"line":47,"column":123}},{"start":{"line":47,"column":123},"end":{"line":47,"column":183}}],"line":40}},"s":{"0":2,"1":2,"2":2,"3":2,"4":2,"5":2,"6":2,"7":2,"8":2,"9":2,"10":2,"11":2,"12":2,"13":2,"14":2,"15":2,"16":2,"17":2,"18":2,"19":0,"20":0,"21":0,"22":2,"23":0,"24":2,"25":2,"26":2,"27":2,"28":2,"29":2,"30":2,"31":2,"32":2,"33":2,"34":2,"35":2,"36":0,"37":0},"f":{"0":2,"1":2,"2":2,"3":2,"4":2,"5":0,"6":4,"7":4},"b":{"0":[2,0],"1":[2,0],"2":[2,2],"3":[0,0],"4":[0,2],"5":[0,2]},"meta":{"lastBranch":6,"lastFunction":8,"lastStatement":38,"seen":{"f:1:0:1:Infinity":0,"s:2:27:2:34":0,"f:2:27:2:34":1,"s:2:37:2:Infinity":1,"f:2:37:2:Infinity":2,"s:4:20:4:Infinity":2,"f:4:20:4:32":3,"s:4:32:4:Infinity":3,"b:4:32:4:Infinity:4:38:4:Infinity":0,"s:5:17:5:Infinity":4,"f:5:17:5:29":4,"s:5:29:5:Infinity":5,"b:5:29:5:Infinity:5:32:5:Infinity":1,"s:7:13:7:Infinity":6,"b:7:22:7:36:7:40:7:42":2,"s:8:16:8:Infinity":7,"s:11:4:11:Infinity":8,"s:12:8:11:Infinity":9,"s:27:13:12:Infinity":10,"s:28:18:27:Infinity":11,"s:28:13:28:Infinity":12,"s:30:16:28:Infinity":13,"s:31:20:30:Infinity":14,"s:33:24:31:Infinity":15,"s:40:30:33:Infinity":16,"s:40:25:40:Infinity":17,"s:33:21:33:Infinity":18,"s:51:26:51:Infinity":19,"s:51:25:51:Infinity":20,"s:55:29:55:Infinity":21,"f:55:29:55:39":5,"b:55:29:55:45:55:45:55:Infinity":3,"b:50:25:50:Infinity:undefined:undefined:undefined:undefined":4,"s:50:25:50:Infinity":22,"s:50:41:50:Infinity":23,"s:31:17:31:Infinity":24,"s:60:20:31:Infinity":25,"s:62:24:60:Infinity":26,"s:68:30:62:Infinity":27,"s:68:25:68:Infinity":28,"s:62:21:62:Infinity":29,"s:60:17:60:Infinity":30,"s:30:13:30:Infinity":31,"s:27:9:27:Infinity":32,"s:12:5:12:Infinity":33,"s:11:1:11:Infinity":34,"s:40:25:47:Infinity":35,"b:47:91:47:123:47:123:47:183":5,"f:44:28:44:38":6,"s:44:40:44:Infinity":36,"f:72:28:72:38":7,"s:72:40:72:Infinity":37}}}
}
